  DS-W03-PC01-EX04.cpp
C:\Users\PC\Desktop\data-structure\week 03 - linked list\DS-W03-PC01-EX04\DS-W03-PC01-EX04\DS-W03-PC01-EX04.cpp(10,15): warning C4244: 'argument': conversion from 'time_t' to 'unsigned int', possible loss of data
C:\Program Files\Microsoft Visual Studio\2022\Community\VC\Tools\MSVC\14.37.32822\include\functional(841,31): warning C4244: 'return': conversion from '__int64' to '_Rx', possible loss of data
          with
          [
              _Rx=int
          ]
C:\Program Files\Microsoft Visual Studio\2022\Community\VC\Tools\MSVC\14.37.32822\include\functional(837,9): message : while compiling class template member function '_Rx std::_Func_impl_no_alloc<Lista<Persona *,0x0>::{ctor}::<lambda_1_>,_Rx,T,T>::_Do_call(T &&,T &&)'
          with
          [
              _Rx=int,
              T=Persona *
          ]
C:\Program Files\Microsoft Visual Studio\2022\Community\VC\Tools\MSVC\14.37.32822\include\functional(731,13): message : see reference to class template instantiation 'std::_Func_impl_no_alloc<Lista<Persona *,0x0>::{ctor}::<lambda_1_>,_Ret,T,T>' being compiled
          with
          [
              _Ret=int,
              T=Persona *
          ]
C:\Program Files\Microsoft Visual Studio\2022\Community\VC\Tools\MSVC\14.37.32822\include\functional(925,23): message : see reference to variable template 'const bool _Is_large<std::_Func_impl_no_alloc<`Lista<Persona *,0>::Lista<Persona *,0>'::`1'::<lambda_1_>,int,Persona *,Persona *> >' being compiled
C:\Program Files\Microsoft Visual Studio\2022\Community\VC\Tools\MSVC\14.37.32822\include\functional(1052,13): message : see reference to function template instantiation 'void std::_Func_class<_Ret,T,T>::_Reset<_Ty>(_Fx &&)' being compiled
          with
          [
              _Ret=int,
              T=Persona *,
              _Ty=Lista<Persona *,0x0>::{ctor}::<lambda_1_>,
              _Fx=Lista<Persona *,0x0>::{ctor}::<lambda_1_>
          ]
C:\Users\PC\Desktop\data-structure\week 03 - linked list\DS-W03-PC01-EX04\DS-W03-PC01-EX04\lista.hpp(14,74): message : see reference to function template instantiation 'std::function<int (T,T)>::function<Lista<T,0x0>::{ctor}::<lambda_1_>,0>(_Fx &&)' being compiled
          with
          [
              T=Persona *,
              _Fx=Lista<Persona *,0x0>::{ctor}::<lambda_1_>
          ]
C:\Users\PC\Desktop\data-structure\week 03 - linked list\DS-W03-PC01-EX04\DS-W03-PC01-EX04\lista.hpp(14,5): message : while compiling class template member function 'Lista<Persona *,0x0>::Lista(void)'
C:\Users\PC\Desktop\data-structure\week 03 - linked list\DS-W03-PC01-EX04\DS-W03-PC01-EX04\DS-W03-PC01-EX04.cpp(13,35): message : see the first reference to 'Lista<Persona *,0x0>::Lista' in 'main'
C:\Users\PC\Desktop\data-structure\week 03 - linked list\DS-W03-PC01-EX04\DS-W03-PC01-EX04\DS-W03-PC01-EX04.cpp(13,41): message : see reference to class template instantiation 'Lista<Persona *,0x0>' being compiled
  DS-W03-PC01-EX04.vcxproj -> C:\Users\PC\Desktop\data-structure\week 03 - linked list\DS-W03-PC01-EX04\x64\Debug\DS-W03-PC01-EX04.exe
